2024/04/27 09:51:57 [notice] 1#1: using the "epoll" event method
2024/04/27 09:51:57 [notice] 1#1: nginx/1.25.5
2024/04/27 09:51:57 [notice] 1#1: built by gcc 12.2.0 (Debian 12.2.0-14) 
2024/04/27 09:51:57 [notice] 1#1: OS: Linux 5.15.146.1-microsoft-standard-WSL2
2024/04/27 09:51:57 [notice] 1#1: getrlimit(RLIMIT_NOFILE): 1048576:1048576
2024/04/27 09:51:57 [notice] 1#1: start worker processes
2024/04/27 09:51:57 [notice] 1#1: start worker process 20
2024/04/27 09:51:57 [notice] 1#1: start worker process 21
2024/04/27 09:51:57 [notice] 1#1: start worker process 22
2024/04/27 09:51:57 [notice] 1#1: start worker process 23
2024/04/28 10:48:26 [notice] 1#1: using the "epoll" event method
2024/04/28 10:48:26 [notice] 1#1: nginx/1.25.5
2024/04/28 10:48:26 [notice] 1#1: built by gcc 12.2.0 (Debian 12.2.0-14) 
2024/04/28 10:48:26 [notice] 1#1: OS: Linux 5.15.146.1-microsoft-standard-WSL2
2024/04/28 10:48:26 [notice] 1#1: getrlimit(RLIMIT_NOFILE): 1048576:1048576
2024/04/28 10:48:26 [notice] 1#1: start worker processes
2024/04/28 10:48:26 [notice] 1#1: start worker process 20
2024/04/28 10:48:26 [notice] 1#1: start worker process 21
2024/04/28 10:48:26 [notice] 1#1: start worker process 22
2024/04/28 10:48:26 [notice] 1#1: start worker process 23
2024/04/28 10:49:39 [crit] 21#21: *2 stat() "/var/www/public/api/users" failed (13: Permission denied), client: 172.19.0.1, server: , request: "GET /api/users HTTP/1.1", host: "localhost:8080"
2024/04/28 10:49:39 [crit] 21#21: *2 stat() "/var/www/public/api/users" failed (13: Permission denied), client: 172.19.0.1, server: , request: "GET /api/users HTTP/1.1", host: "localhost:8080"
2024/04/28 10:49:39 [error] 21#21: *2 open() "/var/www/public/favicon.ico" failed (13: Permission denied), client: 172.19.0.1, server: , request: "GET /favicon.ico HTTP/1.1", host: "localhost:8080", referrer: "http://localhost:8080/api/users"
2024/04/28 10:49:43 [error] 21#21: *2 "/var/www/public/index.php" is forbidden (13: Permission denied), client: 172.19.0.1, server: , request: "GET / HTTP/1.1", host: "localhost:8080"
2024/04/28 10:49:43 [error] 21#21: *2 open() "/var/www/public/favicon.ico" failed (13: Permission denied), client: 172.19.0.1, server: , request: "GET /favicon.ico HTTP/1.1", host: "localhost:8080", referrer: "http://localhost:8080/"
2024/04/28 11:13:40 [error] 20#20: *9 "/var/www/public/index.php" is forbidden (13: Permission denied), client: 172.19.0.1, server: , request: "GET / HTTP/1.1", host: "localhost:8080"
2024/04/28 11:13:40 [error] 20#20: *9 open() "/var/www/public/favicon.ico" failed (13: Permission denied), client: 172.19.0.1, server: , request: "GET /favicon.ico HTTP/1.1", host: "localhost:8080", referrer: "http://localhost:8080/"
2024/04/28 13:47:00 [error] 21#21: *10 "/var/www/public/index.php" is forbidden (13: Permission denied), client: 172.19.0.1, server: , request: "GET / HTTP/1.1", host: "localhost:8080"
2024/04/28 13:47:00 [error] 21#21: *10 open() "/var/www/public/favicon.ico" failed (13: Permission denied), client: 172.19.0.1, server: , request: "GET /favicon.ico HTTP/1.1", host: "localhost:8080", referrer: "http://localhost:8080/"
2024/04/28 14:51:30 [error] 20#20: *12 "/var/www/public/index.php" is forbidden (13: Permission denied), client: 172.19.0.1, server: , request: "GET / HTTP/1.1", host: "localhost:8080"
2024/04/28 14:51:30 [error] 20#20: *12 open() "/var/www/public/favicon.ico" failed (13: Permission denied), client: 172.19.0.1, server: , request: "GET /favicon.ico HTTP/1.1", host: "localhost:8080", referrer: "http://localhost:8080/"
2024/04/28 14:51:54 [error] 20#20: *12 "/var/www/public/index.php" is forbidden (13: Permission denied), client: 172.19.0.1, server: , request: "GET / HTTP/1.1", host: "localhost:8080"
2024/04/28 14:51:54 [error] 20#20: *12 open() "/var/www/public/favicon.ico" failed (13: Permission denied), client: 172.19.0.1, server: , request: "GET /favicon.ico HTTP/1.1", host: "localhost:8080", referrer: "http://localhost:8080/"
2024/04/28 14:54:14 [notice] 1#1: signal 3 (SIGQUIT) received, shutting down
2024/04/28 14:54:14 [notice] 21#21: gracefully shutting down
2024/04/28 14:54:14 [notice] 22#22: gracefully shutting down
2024/04/28 14:54:14 [notice] 23#23: gracefully shutting down
2024/04/28 14:54:14 [notice] 21#21: exiting
2024/04/28 14:54:14 [notice] 22#22: exiting
2024/04/28 14:54:14 [notice] 23#23: exiting
2024/04/28 14:54:14 [notice] 21#21: exit
2024/04/28 14:54:14 [notice] 22#22: exit
2024/04/28 14:54:14 [notice] 23#23: exit
2024/04/28 14:54:14 [notice] 20#20: gracefully shutting down
2024/04/28 14:54:14 [notice] 20#20: exiting
2024/04/28 14:54:14 [notice] 20#20: exit
2024/04/28 14:54:14 [notice] 1#1: signal 17 (SIGCHLD) received from 20
2024/04/28 14:54:14 [notice] 1#1: worker process 20 exited with code 0
2024/04/28 14:54:14 [notice] 1#1: signal 29 (SIGIO) received
2024/04/28 14:54:14 [notice] 1#1: signal 17 (SIGCHLD) received from 21
2024/04/28 14:54:14 [notice] 1#1: worker process 21 exited with code 0
2024/04/28 14:54:14 [notice] 1#1: signal 29 (SIGIO) received
2024/04/28 14:54:14 [notice] 1#1: signal 17 (SIGCHLD) received from 22
2024/04/28 14:54:14 [notice] 1#1: worker process 22 exited with code 0
2024/04/28 14:54:14 [notice] 1#1: signal 29 (SIGIO) received
2024/04/28 14:54:14 [notice] 1#1: signal 17 (SIGCHLD) received from 23
2024/04/28 14:54:14 [notice] 1#1: worker process 23 exited with code 0
2024/04/28 14:54:14 [notice] 1#1: exit
2024/04/28 14:54:20 [notice] 1#1: using the "epoll" event method
2024/04/28 14:54:20 [notice] 1#1: nginx/1.25.5
2024/04/28 14:54:20 [notice] 1#1: built by gcc 12.2.0 (Debian 12.2.0-14) 
2024/04/28 14:54:20 [notice] 1#1: OS: Linux 5.15.146.1-microsoft-standard-WSL2
2024/04/28 14:54:20 [notice] 1#1: getrlimit(RLIMIT_NOFILE): 1048576:1048576
2024/04/28 14:54:20 [notice] 1#1: start worker processes
2024/04/28 14:54:20 [notice] 1#1: start worker process 20
2024/04/28 14:54:20 [notice] 1#1: start worker process 21
2024/04/28 14:54:20 [notice] 1#1: start worker process 22
2024/04/28 14:54:20 [notice] 1#1: start worker process 23
2024/04/28 14:55:43 [error] 23#23: *2 "/var/www/public/index.php" is forbidden (13: Permission denied), client: 172.19.0.1, server: , request: "GET / HTTP/1.1", host: "localhost:8080"
2024/04/28 14:55:43 [error] 23#23: *2 open() "/var/www/public/favicon.ico" failed (13: Permission denied), client: 172.19.0.1, server: , request: "GET /favicon.ico HTTP/1.1", host: "localhost:8080", referrer: "http://localhost:8080/"
2024/04/28 14:55:45 [error] 23#23: *2 "/var/www/public/index.php" is forbidden (13: Permission denied), client: 172.19.0.1, server: , request: "GET / HTTP/1.1", host: "localhost:8080"
2024/04/28 14:55:45 [error] 23#23: *2 open() "/var/www/public/favicon.ico" failed (13: Permission denied), client: 172.19.0.1, server: , request: "GET /favicon.ico HTTP/1.1", host: "localhost:8080", referrer: "http://localhost:8080/"
2024/04/28 14:55:45 [error] 23#23: *2 "/var/www/public/index.php" is forbidden (13: Permission denied), client: 172.19.0.1, server: , request: "GET / HTTP/1.1", host: "localhost:8080"
2024/04/28 14:55:45 [error] 23#23: *2 open() "/var/www/public/favicon.ico" failed (13: Permission denied), client: 172.19.0.1, server: , request: "GET /favicon.ico HTTP/1.1", host: "localhost:8080", referrer: "http://localhost:8080/"
2024/04/28 14:55:47 [error] 23#23: *2 "/var/www/public/index.php" is forbidden (13: Permission denied), client: 172.19.0.1, server: , request: "GET / HTTP/1.1", host: "localhost:8080"
2024/04/28 14:55:47 [error] 23#23: *2 open() "/var/www/public/favicon.ico" failed (13: Permission denied), client: 172.19.0.1, server: , request: "GET /favicon.ico HTTP/1.1", host: "localhost:8080", referrer: "http://localhost:8080/"
2024/04/28 14:55:48 [error] 23#23: *2 "/var/www/public/index.php" is forbidden (13: Permission denied), client: 172.19.0.1, server: , request: "GET / HTTP/1.1", host: "localhost:8080"
2024/04/28 14:55:48 [error] 23#23: *2 open() "/var/www/public/favicon.ico" failed (13: Permission denied), client: 172.19.0.1, server: , request: "GET /favicon.ico HTTP/1.1", host: "localhost:8080", referrer: "http://localhost:8080/"
2024/04/28 14:55:49 [error] 23#23: *2 "/var/www/public/index.php" is forbidden (13: Permission denied), client: 172.19.0.1, server: , request: "GET / HTTP/1.1", host: "localhost:8080"
2024/04/28 14:55:49 [error] 23#23: *2 open() "/var/www/public/favicon.ico" failed (13: Permission denied), client: 172.19.0.1, server: , request: "GET /favicon.ico HTTP/1.1", host: "localhost:8080", referrer: "http://localhost:8080/"
2024/04/28 14:55:50 [error] 23#23: *2 "/var/www/public/index.php" is forbidden (13: Permission denied), client: 172.19.0.1, server: , request: "GET / HTTP/1.1", host: "localhost:8080"
2024/04/28 14:55:50 [error] 23#23: *2 open() "/var/www/public/favicon.ico" failed (13: Permission denied), client: 172.19.0.1, server: , request: "GET /favicon.ico HTTP/1.1", host: "localhost:8080", referrer: "http://localhost:8080/"
2024/04/28 14:55:51 [error] 23#23: *2 "/var/www/public/index.php" is forbidden (13: Permission denied), client: 172.19.0.1, server: , request: "GET / HTTP/1.1", host: "localhost:8080"
2024/04/28 14:55:51 [error] 23#23: *2 open() "/var/www/public/favicon.ico" failed (13: Permission denied), client: 172.19.0.1, server: , request: "GET /favicon.ico HTTP/1.1", host: "localhost:8080", referrer: "http://localhost:8080/"
2024/04/28 14:57:23 [error] 21#21: *3 "/var/www/public/index.php" is forbidden (13: Permission denied), client: 172.19.0.1, server: , request: "GET / HTTP/1.1", host: "localhost:8080"
2024/04/28 14:57:23 [error] 21#21: *3 open() "/var/www/public/favicon.ico" failed (13: Permission denied), client: 172.19.0.1, server: , request: "GET /favicon.ico HTTP/1.1", host: "localhost:8080", referrer: "http://localhost:8080/"
2024/04/28 14:57:36 [notice] 1#1: signal 3 (SIGQUIT) received, shutting down
2024/04/28 14:57:36 [notice] 21#21: gracefully shutting down
2024/04/28 14:57:36 [notice] 21#21: exiting
2024/04/28 14:57:36 [notice] 21#21: exit
2024/04/28 14:57:36 [notice] 23#23: gracefully shutting down
2024/04/28 14:57:36 [notice] 23#23: exiting
2024/04/28 14:57:36 [notice] 23#23: exit
2024/04/28 14:57:36 [notice] 20#20: gracefully shutting down
2024/04/28 14:57:36 [notice] 20#20: exiting
2024/04/28 14:57:36 [notice] 20#20: exit
2024/04/28 14:57:36 [notice] 22#22: gracefully shutting down
2024/04/28 14:57:36 [notice] 1#1: signal 17 (SIGCHLD) received from 21
2024/04/28 14:57:36 [notice] 1#1: worker process 21 exited with code 0
2024/04/28 14:57:36 [notice] 1#1: signal 29 (SIGIO) received
2024/04/28 14:57:36 [notice] 1#1: signal 17 (SIGCHLD) received from 23
2024/04/28 14:57:36 [notice] 1#1: worker process 23 exited with code 0
2024/04/28 14:57:36 [notice] 1#1: signal 29 (SIGIO) received
2024/04/28 14:57:36 [notice] 1#1: signal 17 (SIGCHLD) received from 20
2024/04/28 14:57:36 [notice] 1#1: worker process 20 exited with code 0
2024/04/28 14:57:36 [notice] 1#1: signal 29 (SIGIO) received
2024/04/28 14:57:56 [notice] 1#1: using the "epoll" event method
2024/04/28 14:57:56 [notice] 1#1: nginx/1.25.5
2024/04/28 14:57:56 [notice] 1#1: built by gcc 12.2.0 (Debian 12.2.0-14) 
2024/04/28 14:57:56 [notice] 1#1: OS: Linux 5.15.146.1-microsoft-standard-WSL2
2024/04/28 14:57:56 [notice] 1#1: getrlimit(RLIMIT_NOFILE): 1048576:1048576
2024/04/28 14:57:56 [notice] 1#1: start worker processes
2024/04/28 14:57:56 [notice] 1#1: start worker process 20
2024/04/28 14:57:56 [notice] 1#1: start worker process 21
2024/04/28 14:57:56 [notice] 1#1: start worker process 22
2024/04/28 14:57:56 [notice] 1#1: start worker process 23
2024/04/28 14:58:00 [error] 20#20: *1 "/var/www/public/index.php" is forbidden (13: Permission denied), client: 172.21.0.1, server: , request: "GET / HTTP/1.1", host: "localhost:8080"
2024/04/28 14:58:00 [error] 20#20: *1 open() "/var/www/public/favicon.ico" failed (13: Permission denied), client: 172.21.0.1, server: , request: "GET /favicon.ico HTTP/1.1", host: "localhost:8080", referrer: "http://localhost:8080/"
2024/04/28 14:58:02 [error] 20#20: *1 "/var/www/public/index.php" is forbidden (13: Permission denied), client: 172.21.0.1, server: , request: "GET / HTTP/1.1", host: "localhost:8080"
2024/04/28 14:58:02 [error] 20#20: *1 open() "/var/www/public/favicon.ico" failed (13: Permission denied), client: 172.21.0.1, server: , request: "GET /favicon.ico HTTP/1.1", host: "localhost:8080", referrer: "http://localhost:8080/"
2024/04/28 14:58:03 [error] 20#20: *1 "/var/www/public/index.php" is forbidden (13: Permission denied), client: 172.21.0.1, server: , request: "GET / HTTP/1.1", host: "localhost:8080"
2024/04/28 14:58:03 [error] 20#20: *1 open() "/var/www/public/favicon.ico" failed (13: Permission denied), client: 172.21.0.1, server: , request: "GET /favicon.ico HTTP/1.1", host: "localhost:8080", referrer: "http://localhost:8080/"
2024/04/28 14:58:04 [error] 20#20: *1 "/var/www/public/index.php" is forbidden (13: Permission denied), client: 172.21.0.1, server: , request: "GET / HTTP/1.1", host: "localhost:8080"
2024/04/28 14:58:04 [error] 20#20: *1 open() "/var/www/public/favicon.ico" failed (13: Permission denied), client: 172.21.0.1, server: , request: "GET /favicon.ico HTTP/1.1", host: "localhost:8080", referrer: "http://localhost:8080/"
2024/04/28 14:58:48 [error] 20#20: *1 "/var/www/public/index.php" is forbidden (13: Permission denied), client: 172.21.0.1, server: , request: "GET / HTTP/1.1", host: "localhost:8080"
2024/04/28 14:58:48 [error] 20#20: *1 open() "/var/www/public/favicon.ico" failed (13: Permission denied), client: 172.21.0.1, server: , request: "GET /favicon.ico HTTP/1.1", host: "localhost:8080", referrer: "http://localhost:8080/"
2024/04/28 14:58:49 [error] 20#20: *1 "/var/www/public/index.php" is forbidden (13: Permission denied), client: 172.21.0.1, server: , request: "GET / HTTP/1.1", host: "localhost:8080"
2024/04/28 14:58:49 [error] 20#20: *1 open() "/var/www/public/favicon.ico" failed (13: Permission denied), client: 172.21.0.1, server: , request: "GET /favicon.ico HTTP/1.1", host: "localhost:8080", referrer: "http://localhost:8080/"
2024/04/28 15:03:12 [error] 20#20: *13 open() "/var/www/public/favicon.ico" failed (2: No such file or directory), client: 172.21.0.1, server: , request: "GET /favicon.ico HTTP/1.1", host: "localhost:8080", referrer: "http://localhost:8080/api/v1/convert?from=USD&to=EUR&amount=1"
2024/04/29 08:20:34 [notice] 1#1: using the "epoll" event method
2024/04/29 08:20:34 [notice] 1#1: nginx/1.25.5
2024/04/29 08:20:34 [notice] 1#1: built by gcc 12.2.0 (Debian 12.2.0-14) 
2024/04/29 08:20:34 [notice] 1#1: OS: Linux 5.15.146.1-microsoft-standard-WSL2
2024/04/29 08:20:34 [notice] 1#1: getrlimit(RLIMIT_NOFILE): 1048576:1048576
2024/04/29 08:20:34 [notice] 1#1: start worker processes
2024/04/29 08:20:34 [notice] 1#1: start worker process 20
2024/04/29 08:20:34 [notice] 1#1: start worker process 21
2024/04/29 08:20:34 [notice] 1#1: start worker process 22
2024/04/29 08:20:34 [notice] 1#1: start worker process 23
2024/04/29 08:48:34 [error] 21#21: *2 open() "/var/www/public/favicon.ico" failed (2: No such file or directory), client: 172.19.0.1, server: , request: "GET /favicon.ico HTTP/1.1", host: "localhost:8080", referrer: "http://localhost:8080/api/v1/convert?from=USD&to=EUR&amount=100"
2024/05/01 07:59:09 [notice] 1#1: using the "epoll" event method
2024/05/01 07:59:09 [notice] 1#1: nginx/1.25.5
2024/05/01 07:59:09 [notice] 1#1: built by gcc 12.2.0 (Debian 12.2.0-14) 
2024/05/01 07:59:09 [notice] 1#1: OS: Linux 5.15.146.1-microsoft-standard-WSL2
2024/05/01 07:59:09 [notice] 1#1: getrlimit(RLIMIT_NOFILE): 1048576:1048576
2024/05/01 07:59:09 [notice] 1#1: start worker processes
2024/05/01 07:59:09 [notice] 1#1: start worker process 20
2024/05/01 07:59:09 [notice] 1#1: start worker process 21
2024/05/01 07:59:09 [notice] 1#1: start worker process 22
2024/05/01 07:59:09 [notice] 1#1: start worker process 23
2024/05/01 07:59:24 [error] 20#20: *2 open() "/var/www/public/favicon.ico" failed (2: No such file or directory), client: 172.19.0.1, server: , request: "GET /favicon.ico HTTP/1.1", host: "localhost:8080", referrer: "http://localhost:8080/api/v1/currencies-list"
2024/05/01 11:13:39 [notice] 1#1: signal 3 (SIGQUIT) received, shutting down
2024/05/01 11:13:39 [notice] 20#20: gracefully shutting down
2024/05/01 11:13:39 [notice] 21#21: gracefully shutting down
2024/05/01 11:13:39 [notice] 23#23: gracefully shutting down
2024/05/01 11:13:39 [notice] 21#21: exiting
2024/05/01 11:13:39 [notice] 23#23: exiting
2024/05/01 11:13:39 [notice] 23#23: exit
2024/05/01 11:13:39 [notice] 21#21: exit
2024/05/01 11:13:39 [notice] 22#22: gracefully shutting down
2024/05/01 11:13:39 [notice] 22#22: exiting
2024/05/01 11:13:39 [notice] 22#22: exit
2024/05/01 11:13:39 [notice] 1#1: signal 17 (SIGCHLD) received from 21
2024/05/01 11:13:39 [notice] 1#1: worker process 21 exited with code 0
2024/05/01 11:13:39 [notice] 1#1: signal 29 (SIGIO) received
2024/05/01 11:13:39 [notice] 1#1: signal 17 (SIGCHLD) received from 23
2024/05/01 11:13:39 [notice] 1#1: worker process 23 exited with code 0
2024/05/01 11:13:39 [notice] 1#1: signal 29 (SIGIO) received
2024/05/01 11:13:39 [notice] 1#1: signal 17 (SIGCHLD) received from 22
2024/05/01 11:13:39 [notice] 1#1: worker process 22 exited with code 0
2024/05/01 11:13:39 [notice] 1#1: signal 29 (SIGIO) received
2024/05/01 11:18:13 [notice] 1#1: using the "epoll" event method
2024/05/01 11:18:13 [notice] 1#1: nginx/1.25.5
2024/05/01 11:18:13 [notice] 1#1: built by gcc 12.2.0 (Debian 12.2.0-14) 
2024/05/01 11:18:13 [notice] 1#1: OS: Linux 5.15.146.1-microsoft-standard-WSL2
2024/05/01 11:18:13 [notice] 1#1: getrlimit(RLIMIT_NOFILE): 1048576:1048576
2024/05/01 11:18:13 [notice] 1#1: start worker processes
2024/05/01 11:18:13 [notice] 1#1: start worker process 19
2024/05/01 11:18:13 [notice] 1#1: start worker process 20
2024/05/01 11:18:13 [notice] 1#1: start worker process 21
2024/05/01 11:18:13 [notice] 1#1: start worker process 22
2024/05/01 12:49:27 [notice] 1#1: signal 3 (SIGQUIT) received, shutting down
2024/05/01 12:49:27 [notice] 19#19: gracefully shutting down
2024/05/01 12:49:27 [notice] 20#20: gracefully shutting down
2024/05/01 12:49:27 [notice] 21#21: gracefully shutting down
2024/05/01 12:49:27 [notice] 22#22: gracefully shutting down
2024/05/01 12:49:27 [notice] 20#20: exiting
2024/05/01 12:49:27 [notice] 21#21: exiting
2024/05/01 12:49:27 [notice] 22#22: exiting
2024/05/01 12:49:27 [notice] 20#20: exit
2024/05/01 12:49:27 [notice] 22#22: exit
2024/05/01 12:49:27 [notice] 21#21: exit
2024/05/01 12:49:27 [notice] 19#19: exiting
2024/05/01 12:49:27 [notice] 19#19: exit
2024/05/01 12:49:28 [notice] 1#1: signal 17 (SIGCHLD) received from 22
2024/05/01 12:49:28 [notice] 1#1: worker process 19 exited with code 0
2024/05/01 12:49:28 [notice] 1#1: worker process 21 exited with code 0
2024/05/01 12:49:28 [notice] 1#1: worker process 22 exited with code 0
2024/05/01 12:49:28 [notice] 1#1: signal 29 (SIGIO) received
2024/05/01 12:49:28 [notice] 1#1: signal 17 (SIGCHLD) received from 20
2024/05/01 12:49:28 [notice] 1#1: worker process 20 exited with code 0
2024/05/01 12:49:28 [notice] 1#1: exit
2024/05/01 12:49:31 [notice] 1#1: using the "epoll" event method
2024/05/01 12:49:31 [notice] 1#1: nginx/1.25.5
2024/05/01 12:49:31 [notice] 1#1: built by gcc 12.2.0 (Debian 12.2.0-14) 
2024/05/01 12:49:31 [notice] 1#1: OS: Linux 5.15.146.1-microsoft-standard-WSL2
2024/05/01 12:49:31 [notice] 1#1: getrlimit(RLIMIT_NOFILE): 1048576:1048576
2024/05/01 12:49:31 [notice] 1#1: start worker processes
2024/05/01 12:49:31 [notice] 1#1: start worker process 19
2024/05/01 12:49:31 [notice] 1#1: start worker process 20
2024/05/01 12:49:31 [notice] 1#1: start worker process 21
2024/05/01 12:49:31 [notice] 1#1: start worker process 22
2024/05/01 12:52:54 [notice] 1#1: signal 3 (SIGQUIT) received, shutting down
2024/05/01 12:52:54 [notice] 22#22: gracefully shutting down
2024/05/01 12:52:54 [notice] 22#22: exiting
2024/05/01 12:52:54 [notice] 22#22: exit
2024/05/01 12:52:54 [notice] 21#21: gracefully shutting down
2024/05/01 12:52:54 [notice] 19#19: gracefully shutting down
2024/05/01 12:52:54 [notice] 19#19: exiting
2024/05/01 12:52:54 [notice] 19#19: exit
2024/05/01 12:52:54 [notice] 20#20: gracefully shutting down
2024/05/01 12:52:54 [notice] 20#20: exiting
2024/05/01 12:52:54 [notice] 20#20: exit
2024/05/01 12:52:54 [notice] 1#1: signal 17 (SIGCHLD) received from 22
2024/05/01 12:52:54 [notice] 1#1: worker process 19 exited with code 0
2024/05/01 12:52:54 [notice] 1#1: worker process 22 exited with code 0
2024/05/01 12:52:54 [notice] 1#1: signal 29 (SIGIO) received
2024/05/01 12:52:54 [notice] 1#1: signal 17 (SIGCHLD) received from 20
2024/05/01 12:52:54 [notice] 1#1: worker process 20 exited with code 0
2024/05/01 12:52:54 [notice] 1#1: signal 29 (SIGIO) received
2024/05/01 12:53:23 [notice] 1#1: using the "epoll" event method
2024/05/01 12:53:23 [notice] 1#1: nginx/1.25.5
2024/05/01 12:53:23 [notice] 1#1: built by gcc 12.2.0 (Debian 12.2.0-14) 
2024/05/01 12:53:23 [notice] 1#1: OS: Linux 5.15.146.1-microsoft-standard-WSL2
2024/05/01 12:53:23 [notice] 1#1: getrlimit(RLIMIT_NOFILE): 1048576:1048576
2024/05/01 12:53:23 [notice] 1#1: start worker processes
2024/05/01 12:53:23 [notice] 1#1: start worker process 20
2024/05/01 12:53:23 [notice] 1#1: start worker process 21
2024/05/01 12:53:23 [notice] 1#1: start worker process 22
2024/05/01 12:53:23 [notice] 1#1: start worker process 23
2024/05/02 03:58:35 [notice] 1#1: using the "epoll" event method
2024/05/02 03:58:35 [notice] 1#1: nginx/1.25.5
2024/05/02 03:58:35 [notice] 1#1: built by gcc 12.2.0 (Debian 12.2.0-14) 
2024/05/02 03:58:35 [notice] 1#1: OS: Linux 5.15.146.1-microsoft-standard-WSL2
2024/05/02 03:58:35 [notice] 1#1: getrlimit(RLIMIT_NOFILE): 1048576:1048576
2024/05/02 03:58:35 [notice] 1#1: start worker processes
2024/05/02 03:58:35 [notice] 1#1: start worker process 20
2024/05/02 03:58:35 [notice] 1#1: start worker process 21
2024/05/02 03:58:35 [notice] 1#1: start worker process 22
2024/05/02 03:58:35 [notice] 1#1: start worker process 23
2024/05/02 03:59:09 [error] 20#20: *1 open() "/var/www/public/favicon.ico" failed (2: No such file or directory), client: 172.23.0.1, server: , request: "GET /favicon.ico HTTP/1.1", host: "localhost:8080", referrer: "http://localhost:8080/api/v1/convert?from=BTC&to=USD&amount=1.01"
2024/05/03 07:14:31 [notice] 1#1: using the "epoll" event method
2024/05/03 07:14:31 [notice] 1#1: nginx/1.25.5
2024/05/03 07:14:31 [notice] 1#1: built by gcc 12.2.0 (Debian 12.2.0-14) 
2024/05/03 07:14:31 [notice] 1#1: OS: Linux 5.15.146.1-microsoft-standard-WSL2
2024/05/03 07:14:31 [notice] 1#1: getrlimit(RLIMIT_NOFILE): 1048576:1048576
2024/05/03 07:14:31 [notice] 1#1: start worker processes
2024/05/03 07:14:31 [notice] 1#1: start worker process 19
2024/05/03 07:14:31 [notice] 1#1: start worker process 20
2024/05/03 07:14:31 [notice] 1#1: start worker process 21
2024/05/03 07:14:31 [notice] 1#1: start worker process 22
2024/05/03 07:15:22 [error] 20#20: *2 open() "/var/www/public/favicon.ico" failed (2: No such file or directory), client: 172.23.0.1, server: , request: "GET /favicon.ico HTTP/1.1", host: "localhost:8080", referrer: "http://localhost:8080/api/v1/currencies-list"
2024/05/03 13:39:06 [notice] 1#1: signal 3 (SIGQUIT) received, shutting down
2024/05/03 13:39:06 [notice] 21#21: gracefully shutting down
2024/05/03 13:39:06 [notice] 20#20: gracefully shutting down
2024/05/03 13:39:06 [notice] 22#22: gracefully shutting down
2024/05/03 13:39:06 [notice] 21#21: exiting
2024/05/03 13:39:06 [notice] 20#20: exiting
2024/05/03 13:39:06 [notice] 22#22: exiting
2024/05/03 13:39:06 [notice] 20#20: exit
2024/05/03 13:39:06 [notice] 22#22: exit
2024/05/03 13:39:06 [notice] 21#21: exit
2024/05/03 13:39:06 [notice] 19#19: gracefully shutting down
2024/05/03 13:39:06 [notice] 1#1: signal 17 (SIGCHLD) received from 21
2024/05/03 13:39:06 [notice] 1#1: worker process 20 exited with code 0
2024/05/03 13:39:06 [notice] 1#1: worker process 21 exited with code 0
2024/05/03 13:39:06 [notice] 1#1: signal 29 (SIGIO) received
2024/05/03 13:39:06 [notice] 1#1: signal 17 (SIGCHLD) received from 20
2024/05/03 13:39:06 [notice] 1#1: signal 17 (SIGCHLD) received from 22
2024/05/03 13:39:06 [notice] 1#1: worker process 22 exited with code 0
2024/05/03 13:39:06 [notice] 1#1: signal 29 (SIGIO) received
2024/05/03 13:41:24 [notice] 1#1: using the "epoll" event method
2024/05/03 13:41:24 [notice] 1#1: nginx/1.25.5
2024/05/03 13:41:24 [notice] 1#1: built by gcc 12.2.0 (Debian 12.2.0-14) 
2024/05/03 13:41:24 [notice] 1#1: OS: Linux 5.15.146.1-microsoft-standard-WSL2
2024/05/03 13:41:24 [notice] 1#1: getrlimit(RLIMIT_NOFILE): 1048576:1048576
2024/05/03 13:41:24 [notice] 1#1: start worker processes
2024/05/03 13:41:24 [notice] 1#1: start worker process 20
2024/05/03 13:41:24 [notice] 1#1: start worker process 21
2024/05/03 13:41:24 [notice] 1#1: start worker process 22
2024/05/03 13:41:24 [notice] 1#1: start worker process 23
2024/05/04 05:05:59 [notice] 1#1: using the "epoll" event method
2024/05/04 05:05:59 [notice] 1#1: nginx/1.25.5
2024/05/04 05:05:59 [notice] 1#1: built by gcc 12.2.0 (Debian 12.2.0-14) 
2024/05/04 05:05:59 [notice] 1#1: OS: Linux 5.15.146.1-microsoft-standard-WSL2
2024/05/04 05:05:59 [notice] 1#1: getrlimit(RLIMIT_NOFILE): 1048576:1048576
2024/05/04 05:05:59 [notice] 1#1: start worker processes
2024/05/04 05:05:59 [notice] 1#1: start worker process 20
2024/05/04 05:05:59 [notice] 1#1: start worker process 21
2024/05/04 05:05:59 [notice] 1#1: start worker process 22
2024/05/04 05:05:59 [notice] 1#1: start worker process 23
2024/05/04 05:06:04 [error] 20#20: *1 open() "/var/www/public/favicon.ico" failed (2: No such file or directory), client: 172.19.0.1, server: , request: "GET /favicon.ico HTTP/1.1", host: "localhost:8080", referrer: "http://localhost:8080/api/v1/convert?from=USD&to=BTC&amount=0.01"
2024/05/05 14:40:28 [notice] 1#1: signal 3 (SIGQUIT) received, shutting down
2024/05/05 14:40:28 [notice] 23#23: gracefully shutting down
2024/05/05 14:40:28 [notice] 23#23: exiting
2024/05/05 14:40:28 [notice] 23#23: exit
2024/05/05 14:40:28 [notice] 21#21: gracefully shutting down
2024/05/05 14:40:28 [notice] 21#21: exiting
2024/05/05 14:40:28 [notice] 21#21: exit
2024/05/05 14:40:28 [notice] 20#20: gracefully shutting down
2024/05/05 14:40:28 [notice] 20#20: exiting
2024/05/05 14:40:28 [notice] 20#20: exit
2024/05/05 14:40:28 [notice] 22#22: gracefully shutting down
2024/05/05 14:40:28 [notice] 22#22: exiting
2024/05/05 14:40:28 [notice] 22#22: exit
2024/05/05 14:40:28 [notice] 1#1: signal 17 (SIGCHLD) received from 23
2024/05/05 14:40:28 [notice] 1#1: worker process 23 exited with code 0
2024/05/05 14:40:28 [notice] 1#1: signal 29 (SIGIO) received
2024/05/05 14:40:28 [notice] 1#1: signal 17 (SIGCHLD) received from 20
2024/05/05 14:40:28 [notice] 1#1: worker process 20 exited with code 0
2024/05/05 14:40:28 [notice] 1#1: signal 29 (SIGIO) received
2024/05/05 14:40:28 [notice] 1#1: signal 17 (SIGCHLD) received from 21
2024/05/05 14:40:28 [notice] 1#1: worker process 21 exited with code 0
2024/05/05 14:40:28 [notice] 1#1: signal 29 (SIGIO) received
2024/05/05 14:40:28 [notice] 1#1: signal 17 (SIGCHLD) received from 22
2024/05/05 14:40:28 [notice] 1#1: worker process 22 exited with code 0
2024/05/05 14:40:28 [notice] 1#1: exit
2024/05/05 14:46:54 [notice] 1#1: using the "epoll" event method
2024/05/05 14:46:54 [notice] 1#1: nginx/1.25.5
2024/05/05 14:46:54 [notice] 1#1: built by gcc 12.2.0 (Debian 12.2.0-14) 
2024/05/05 14:46:54 [notice] 1#1: OS: Linux 5.15.146.1-microsoft-standard-WSL2
2024/05/05 14:46:54 [notice] 1#1: getrlimit(RLIMIT_NOFILE): 1048576:1048576
2024/05/05 14:46:54 [notice] 1#1: start worker processes
2024/05/05 14:46:54 [notice] 1#1: start worker process 21
2024/05/05 14:46:54 [notice] 1#1: start worker process 22
2024/05/05 14:46:54 [notice] 1#1: start worker process 23
2024/05/05 14:46:54 [notice] 1#1: start worker process 24
2024/05/06 04:44:22 [notice] 1#1: using the "epoll" event method
2024/05/06 04:44:22 [notice] 1#1: nginx/1.25.5
2024/05/06 04:44:22 [notice] 1#1: built by gcc 12.2.0 (Debian 12.2.0-14) 
2024/05/06 04:44:22 [notice] 1#1: OS: Linux 5.15.146.1-microsoft-standard-WSL2
2024/05/06 04:44:22 [notice] 1#1: getrlimit(RLIMIT_NOFILE): 1048576:1048576
2024/05/06 04:44:22 [notice] 1#1: start worker processes
2024/05/06 04:44:22 [notice] 1#1: start worker process 20
2024/05/06 04:44:22 [notice] 1#1: start worker process 21
2024/05/06 04:44:22 [notice] 1#1: start worker process 22
2024/05/06 04:44:22 [notice] 1#1: start worker process 23
2024/05/06 04:47:00 [error] 20#20: *1 open() "/var/www/public/favicon.ico" failed (2: No such file or directory), client: 172.19.0.1, server: , request: "GET /favicon.ico HTTP/1.1", host: "localhost:8080", referrer: "http://localhost:8080/api/v1/currencies-list"
2024/05/07 08:31:22 [notice] 1#1: using the "epoll" event method
2024/05/07 08:31:22 [notice] 1#1: nginx/1.25.5
2024/05/07 08:31:22 [notice] 1#1: built by gcc 12.2.0 (Debian 12.2.0-14) 
2024/05/07 08:31:22 [notice] 1#1: OS: Linux 5.15.146.1-microsoft-standard-WSL2
2024/05/07 08:31:22 [notice] 1#1: getrlimit(RLIMIT_NOFILE): 1048576:1048576
2024/05/07 08:31:22 [notice] 1#1: start worker processes
2024/05/07 08:31:22 [notice] 1#1: start worker process 20
2024/05/07 08:31:22 [notice] 1#1: start worker process 21
2024/05/07 08:31:22 [notice] 1#1: start worker process 22
2024/05/07 08:31:22 [notice] 1#1: start worker process 23
2024/05/07 12:36:36 [error] 21#21: *12 open() "/var/www/public/favicon.ico" failed (2: No such file or directory), client: 172.19.0.1, server: , request: "GET /favicon.ico HTTP/1.1", host: "localhost:8080", referrer: "http://localhost:8080/api/v1/currencies-list"
